Línea 259: imposible establecer la propiedad Picture de Pat.
Línea 259: imposible establecer la propiedad MouseIcon de Pat.
Línea 293: imposible establecer la propiedad Picture de MovExternos.
Línea 399: imposible establecer la propiedad Picture de Pat.
Línea 399: imposible establecer la propiedad MouseIcon de Pat.
Línea 664: imposible establecer la propiedad Picture de MovExternos.
Línea 675: imposible establecer la propiedad Picture de MovExternos.
Línea 686: imposible establecer la propiedad Picture de MovExternos.
Línea 697: imposible establecer la propiedad Picture de MovExternos.
Línea 708: imposible establecer la propiedad Picture de GPesada.
Línea 719: imposible establecer la propiedad Picture de GPesada.
Línea 730: imposible establecer la propiedad Picture de GPesada.
Línea 741: imposible establecer la propiedad Picture de GPesada.
Línea 752: imposible establecer la propiedad Picture de GPesada.
Línea 763: imposible establecer la propiedad Picture de GPesada.
Línea 839: imposible establecer la propiedad Picture de Pat.
Línea 839: imposible establecer la propiedad MouseIcon de Pat.
Línea 852: imposible establecer la propiedad Picture de Pat.
Línea 1011: imposible establecer la propiedad Picture de Grua.
Línea 1044: imposible establecer la propiedad Picture de Grua.
Línea 1056: imposible establecer la propiedad Picture de Grua.
Línea 1068: imposible establecer la propiedad Picture de Grua.
Línea 1080: imposible establecer la propiedad Picture de Grua.
Línea 1103: la propiedad Picture de Grua tenía una referencia a archivo no válida.
Línea 259: imposible establecer la propiedad Picture de Pat.
Línea 259: imposible establecer la propiedad MouseIcon de Pat.
Línea 293: imposible establecer la propiedad Picture de MovExternos.
Línea 399: imposible establecer la propiedad Picture de Pat.
Línea 399: imposible establecer la propiedad MouseIcon de Pat.
Línea 664: imposible establecer la propiedad Picture de MovExternos.
Línea 675: imposible establecer la propiedad Picture de MovExternos.
Línea 686: imposible establecer la propiedad Picture de MovExternos.
Línea 697: imposible establecer la propiedad Picture de MovExternos.
Línea 708: imposible establecer la propiedad Picture de GPesada.
Línea 719: imposible establecer la propiedad Picture de GPesada.
Línea 730: imposible establecer la propiedad Picture de GPesada.
Línea 741: imposible establecer la propiedad Picture de GPesada.
Línea 752: imposible establecer la propiedad Picture de GPesada.
Línea 763: imposible establecer la propiedad Picture de GPesada.
Línea 839: imposible establecer la propiedad Picture de Pat.
Línea 839: imposible establecer la propiedad MouseIcon de Pat.
Línea 852: imposible establecer la propiedad Picture de Pat.
Línea 1011: imposible establecer la propiedad Picture de Grua.
Línea 1044: imposible establecer la propiedad Picture de Grua.
Línea 1056: imposible establecer la propiedad Picture de Grua.
Línea 1068: imposible establecer la propiedad Picture de Grua.
Línea 1080: imposible establecer la propiedad Picture de Grua.
Línea 1103: la propiedad Picture de Grua tenía una referencia a archivo no válida.
